[2021-02-23 12:13:45,866] multiqc                                            [DEBUG  ]  No MultiQC config found: /Users/dishajpatel/opt/anaconda3/lib/python3.8/site-packages/multiqc_config.yaml
[2021-02-23 12:13:45,867] multiqc                                            [DEBUG  ]  No MultiQC config found: /Users/dishajpatel/.multiqc_config.yaml
[2021-02-23 12:13:45,867] multiqc                                            [DEBUG  ]  No MultiQC config found: multiqc_config.yaml
[2021-02-23 12:13:45,867] multiqc                                            [DEBUG  ]  Command used: /Users/dishajpatel/opt/anaconda3/bin/multiqc .
[2021-02-23 12:13:47,200] multiqc                                            [DEBUG  ]  Latest MultiQC version is v1.9
[2021-02-23 12:13:47,200] multiqc                                            [INFO   ]  This is MultiQC v1.9
[2021-02-23 12:13:47,200] multiqc                                            [DEBUG  ]  Command     : /Users/dishajpatel/opt/anaconda3/bin/multiqc .
[2021-02-23 12:13:47,201] multiqc                                            [DEBUG  ]  Working dir : /Users/dishajpatel/Documents/GitHub/joe-benthos/analysis/fastqc-out
[2021-02-23 12:13:47,201] multiqc                                            [INFO   ]  Template    : default
[2021-02-23 12:13:47,201] multiqc                                            [DEBUG  ]  Running Python 3.8.5 (default, Sep  4 2020, 02:22:02)  [Clang 10.0.0 ]
[2021-02-23 12:13:47,201] multiqc                                            [INFO   ]  Searching   : /Users/dishajpatel/Documents/GitHub/joe-benthos/analysis/fastqc-out
[2021-02-23 12:13:47,202] multiqc                                            [DEBUG  ]  Analysing modules: custom_content, conpair, peddy, somalier, methylQA, mosdepth, phantompeakqualtools, qualimap, preseq, quast, qorts, rna_seqc, rockhopper, rsem, rseqc, busco, goleft_indexcov, disambiguate, supernova, deeptools, sargasso, verifybamid, mirtrace, happy, mirtop, homer, macs2, theta2, snpeff, gatk, htseq, bcftools, featureCounts, fgbio, dragen, dedup, damageprofiler, biobambam2, mtnucratio, picard, prokka, samblaster, samtools, sexdeterrmine, bamtools, jellyfish, vcftools, longranger, stacks, varscan2, bbmap, bismark, biscuit, hicexplorer, hicup, hicpro, salmon, kallisto, slamdunk, star, hisat2, tophat, bowtie2, bowtie1, snpsplit, kat, leehom, adapterRemoval, clipandmerge, cutadapt, flexbar, kaiju, kraken, malt, trimmomatic, sickle, skewer, sortmerna, biobloomtools, fastq_screen, afterqc, fastp, fastqc, pycoqc, minionqc, multivcfanalyzer, clusterflow, bcl2fastq, interop, ivar, flash, seqyclean
[2021-02-23 12:13:47,204] multiqc                                            [DEBUG  ]  Using temporary directory for creating report: /var/folders/tq/8qgc1s0s3hd84kv8jxx41fzr0000gn/T/tmp9_cqgjvm
[2021-02-23 12:13:47,408] multiqc                                            [DEBUG  ]  File ignored by hicexplorer because it exceeded search pattern filesize limit: Good-lib2_S2_L001_R1_001_fastqc.html
[2021-02-23 12:13:47,411] multiqc                                            [DEBUG  ]  File ignored by longranger/invocation because it exceeded search pattern filesize limit: Good-lib2_S2_L001_R1_001_fastqc.html
[2021-02-23 12:13:47,411] multiqc                                            [DEBUG  ]  File ignored by rockhopper because it exceeded search pattern filesize limit: Good-lib2_S2_L001_R1_001_fastqc.html
[2021-02-23 12:13:47,411] multiqc                                            [DEBUG  ]  File ignored by rseqc/bam_stat because it exceeded search pattern filesize limit: Good-lib2_S2_L001_R1_001_fastqc.html
[2021-02-23 12:13:47,411] multiqc                                            [DEBUG  ]  File ignored by rseqc/junction_annotation because it exceeded search pattern filesize limit: Good-lib2_S2_L001_R1_001_fastqc.html
[2021-02-23 12:13:47,412] multiqc                                            [DEBUG  ]  File ignored by rseqc/read_distribution because it exceeded search pattern filesize limit: Good-lib2_S2_L001_R1_001_fastqc.html
[2021-02-23 12:13:47,412] multiqc                                            [DEBUG  ]  File ignored by rseqc/infer_experiment because it exceeded search pattern filesize limit: Good-lib2_S2_L001_R1_001_fastqc.html
[2021-02-23 12:13:47,518] multiqc                                            [DEBUG  ]  File ignored by hicexplorer because it exceeded search pattern filesize limit: Good-lib9_S7_L001_R1_001_fastqc.html
[2021-02-23 12:13:47,520] multiqc                                            [DEBUG  ]  File ignored by longranger/invocation because it exceeded search pattern filesize limit: Good-lib9_S7_L001_R1_001_fastqc.html
[2021-02-23 12:13:47,520] multiqc                                            [DEBUG  ]  File ignored by rockhopper because it exceeded search pattern filesize limit: Good-lib9_S7_L001_R1_001_fastqc.html
[2021-02-23 12:13:47,521] multiqc                                            [DEBUG  ]  File ignored by rseqc/bam_stat because it exceeded search pattern filesize limit: Good-lib9_S7_L001_R1_001_fastqc.html
[2021-02-23 12:13:47,521] multiqc                                            [DEBUG  ]  File ignored by rseqc/junction_annotation because it exceeded search pattern filesize limit: Good-lib9_S7_L001_R1_001_fastqc.html
[2021-02-23 12:13:47,521] multiqc                                            [DEBUG  ]  File ignored by rseqc/read_distribution because it exceeded search pattern filesize limit: Good-lib9_S7_L001_R1_001_fastqc.html
[2021-02-23 12:13:47,521] multiqc                                            [DEBUG  ]  File ignored by rseqc/infer_experiment because it exceeded search pattern filesize limit: Good-lib9_S7_L001_R1_001_fastqc.html
[2021-02-23 12:13:47,628] multiqc                                            [DEBUG  ]  File ignored by hicexplorer because it exceeded search pattern filesize limit: Good-lib6_S6_L001_R1_001_fastqc.html
[2021-02-23 12:13:47,630] multiqc                                            [DEBUG  ]  File ignored by longranger/invocation because it exceeded search pattern filesize limit: Good-lib6_S6_L001_R1_001_fastqc.html
[2021-02-23 12:13:47,630] multiqc                                            [DEBUG  ]  File ignored by rockhopper because it exceeded search pattern filesize limit: Good-lib6_S6_L001_R1_001_fastqc.html
[2021-02-23 12:13:47,630] multiqc                                            [DEBUG  ]  File ignored by rseqc/bam_stat because it exceeded search pattern filesize limit: Good-lib6_S6_L001_R1_001_fastqc.html
[2021-02-23 12:13:47,630] multiqc                                            [DEBUG  ]  File ignored by rseqc/junction_annotation because it exceeded search pattern filesize limit: Good-lib6_S6_L001_R1_001_fastqc.html
[2021-02-23 12:13:47,631] multiqc                                            [DEBUG  ]  File ignored by rseqc/read_distribution because it exceeded search pattern filesize limit: Good-lib6_S6_L001_R1_001_fastqc.html
[2021-02-23 12:13:47,631] multiqc                                            [DEBUG  ]  File ignored by rseqc/infer_experiment because it exceeded search pattern filesize limit: Good-lib6_S6_L001_R1_001_fastqc.html
[2021-02-23 12:13:47,836] multiqc                                            [DEBUG  ]  File ignored by hicexplorer because it exceeded search pattern filesize limit: Good-lib5_S5_L001_R2_001_fastqc.html
[2021-02-23 12:13:47,838] multiqc                                            [DEBUG  ]  File ignored by longranger/invocation because it exceeded search pattern filesize limit: Good-lib5_S5_L001_R2_001_fastqc.html
[2021-02-23 12:13:47,839] multiqc                                            [DEBUG  ]  File ignored by rockhopper because it exceeded search pattern filesize limit: Good-lib5_S5_L001_R2_001_fastqc.html
[2021-02-23 12:13:47,839] multiqc                                            [DEBUG  ]  File ignored by rseqc/bam_stat because it exceeded search pattern filesize limit: Good-lib5_S5_L001_R2_001_fastqc.html
[2021-02-23 12:13:47,839] multiqc                                            [DEBUG  ]  File ignored by rseqc/junction_annotation because it exceeded search pattern filesize limit: Good-lib5_S5_L001_R2_001_fastqc.html
[2021-02-23 12:13:47,839] multiqc                                            [DEBUG  ]  File ignored by rseqc/read_distribution because it exceeded search pattern filesize limit: Good-lib5_S5_L001_R2_001_fastqc.html
[2021-02-23 12:13:47,839] multiqc                                            [DEBUG  ]  File ignored by rseqc/infer_experiment because it exceeded search pattern filesize limit: Good-lib5_S5_L001_R2_001_fastqc.html
[2021-02-23 12:13:47,957] multiqc                                            [DEBUG  ]  File ignored by hicexplorer because it exceeded search pattern filesize limit: Good-lib1_S1_L001_R1_001_fastqc.html
[2021-02-23 12:13:47,960] multiqc                                            [DEBUG  ]  File ignored by longranger/invocation because it exceeded search pattern filesize limit: Good-lib1_S1_L001_R1_001_fastqc.html
[2021-02-23 12:13:47,960] multiqc                                            [DEBUG  ]  File ignored by rockhopper because it exceeded search pattern filesize limit: Good-lib1_S1_L001_R1_001_fastqc.html
[2021-02-23 12:13:47,960] multiqc                                            [DEBUG  ]  File ignored by rseqc/bam_stat because it exceeded search pattern filesize limit: Good-lib1_S1_L001_R1_001_fastqc.html
[2021-02-23 12:13:47,960] multiqc                                            [DEBUG  ]  File ignored by rseqc/junction_annotation because it exceeded search pattern filesize limit: Good-lib1_S1_L001_R1_001_fastqc.html
[2021-02-23 12:13:47,960] multiqc                                            [DEBUG  ]  File ignored by rseqc/read_distribution because it exceeded search pattern filesize limit: Good-lib1_S1_L001_R1_001_fastqc.html
[2021-02-23 12:13:47,960] multiqc                                            [DEBUG  ]  File ignored by rseqc/infer_experiment because it exceeded search pattern filesize limit: Good-lib1_S1_L001_R1_001_fastqc.html
[2021-02-23 12:13:54,175] multiqc.plots.bargraph                             [DEBUG  ]  Using matplotlib version 3.3.2
[2021-02-23 12:13:54,178] multiqc.plots.linegraph                            [DEBUG  ]  Using matplotlib version 3.3.2
[2021-02-23 12:13:54,184] multiqc                                            [DEBUG  ]  No samples found: custom_content
[2021-02-23 12:13:54,192] multiqc                                            [DEBUG  ]  No samples found: conpair
[2021-02-23 12:13:54,201] multiqc                                            [DEBUG  ]  No samples found: peddy
[2021-02-23 12:13:54,213] multiqc                                            [DEBUG  ]  No samples found: somalier
[2021-02-23 12:13:54,222] multiqc                                            [DEBUG  ]  No samples found: methylQA
[2021-02-23 12:13:54,238] multiqc                                            [DEBUG  ]  No samples found: mosdepth
[2021-02-23 12:13:54,247] multiqc                                            [DEBUG  ]  No samples found: phantompeakqualtools
[2021-02-23 12:13:54,254] multiqc                                            [DEBUG  ]  No samples found: qualimap
[2021-02-23 12:13:54,262] multiqc                                            [DEBUG  ]  No samples found: preseq
[2021-02-23 12:13:54,270] multiqc                                            [DEBUG  ]  No samples found: quast
[2021-02-23 12:13:54,277] multiqc                                            [DEBUG  ]  No samples found: qorts
[2021-02-23 12:13:54,284] multiqc                                            [DEBUG  ]  No samples found: rna_seqc
[2021-02-23 12:13:54,292] multiqc                                            [DEBUG  ]  No samples found: rockhopper
[2021-02-23 12:13:54,300] multiqc                                            [DEBUG  ]  No samples found: rsem
[2021-02-23 12:13:54,325] multiqc                                            [DEBUG  ]  No samples found: rseqc
[2021-02-23 12:13:54,335] multiqc                                            [DEBUG  ]  No samples found: busco
[2021-02-23 12:13:54,346] multiqc                                            [DEBUG  ]  No samples found: goleft_indexcov
[2021-02-23 12:13:54,355] multiqc                                            [DEBUG  ]  No samples found: disambiguate
[2021-02-23 12:13:54,363] multiqc                                            [DEBUG  ]  No samples found: supernova
[2021-02-23 12:13:54,387] multiqc                                            [DEBUG  ]  No samples found: deeptools
[2021-02-23 12:13:54,395] multiqc                                            [DEBUG  ]  No samples found: sargasso
[2021-02-23 12:13:54,403] multiqc                                            [DEBUG  ]  No samples found: verifybamid
[2021-02-23 12:13:54,411] multiqc                                            [DEBUG  ]  No samples found: mirtrace
[2021-02-23 12:13:54,420] multiqc                                            [DEBUG  ]  No samples found: happy
[2021-02-23 12:13:54,429] multiqc                                            [DEBUG  ]  No samples found: mirtop
[2021-02-23 12:13:54,442] multiqc                                            [DEBUG  ]  No samples found: homer
[2021-02-23 12:13:54,451] multiqc                                            [DEBUG  ]  No samples found: macs2
[2021-02-23 12:13:54,459] multiqc                                            [DEBUG  ]  No samples found: theta2
[2021-02-23 12:13:54,466] multiqc                                            [DEBUG  ]  No samples found: snpeff
[2021-02-23 12:13:54,477] multiqc                                            [DEBUG  ]  No samples found: gatk
[2021-02-23 12:13:54,485] multiqc                                            [DEBUG  ]  No samples found: htseq
[2021-02-23 12:13:54,494] multiqc                                            [DEBUG  ]  No samples found: bcftools
[2021-02-23 12:13:54,501] multiqc                                            [DEBUG  ]  No samples found: featureCounts
[2021-02-23 12:13:54,512] multiqc                                            [DEBUG  ]  No samples found: fgbio
[2021-02-23 12:13:54,539] multiqc                                            [DEBUG  ]  No samples found: dragen
[2021-02-23 12:13:54,551] multiqc                                            [DEBUG  ]  No samples found: dedup
[2021-02-23 12:13:54,562] multiqc                                            [DEBUG  ]  No samples found: damageprofiler
[2021-02-23 12:13:54,610] multiqc                                            [DEBUG  ]  No samples found: biobambam2
[2021-02-23 12:13:54,618] multiqc                                            [DEBUG  ]  No samples found: mtnucratio
[2021-02-23 12:13:54,622] multiqc                                            [DEBUG  ]  No samples found: picard
[2021-02-23 12:13:54,629] multiqc                                            [DEBUG  ]  No samples found: prokka
[2021-02-23 12:13:54,640] multiqc                                            [DEBUG  ]  No samples found: samblaster
[2021-02-23 12:13:54,658] multiqc                                            [DEBUG  ]  No samples found: samtools
[2021-02-23 12:13:54,669] multiqc                                            [DEBUG  ]  No samples found: sexdeterrmine
[2021-02-23 12:13:54,679] multiqc                                            [DEBUG  ]  No samples found: bamtools
[2021-02-23 12:13:54,686] multiqc                                            [DEBUG  ]  No samples found: jellyfish
[2021-02-23 12:13:54,702] multiqc                                            [DEBUG  ]  No samples found: vcftools
[2021-02-23 12:13:54,710] multiqc                                            [DEBUG  ]  No samples found: longranger
[2021-02-23 12:13:54,717] multiqc                                            [DEBUG  ]  No samples found: stacks
[2021-02-23 12:13:54,725] multiqc                                            [DEBUG  ]  No samples found: varscan2
[2021-02-23 12:13:54,756] multiqc                                            [DEBUG  ]  No samples found: bbmap
[2021-02-23 12:13:54,765] multiqc                                            [DEBUG  ]  No samples found: bismark
[2021-02-23 12:13:54,775] multiqc                                            [DEBUG  ]  No samples found: biscuit
[2021-02-23 12:13:54,783] multiqc                                            [DEBUG  ]  No samples found: hicexplorer
[2021-02-23 12:13:54,794] multiqc                                            [DEBUG  ]  No samples found: hicup
[2021-02-23 12:13:54,803] multiqc                                            [DEBUG  ]  No samples found: hicpro
[2021-02-23 12:13:54,811] multiqc                                            [DEBUG  ]  No samples found: salmon
[2021-02-23 12:13:54,819] multiqc                                            [DEBUG  ]  No samples found: kallisto
[2021-02-23 12:13:54,827] multiqc                                            [DEBUG  ]  No samples found: slamdunk
[2021-02-23 12:13:54,834] multiqc                                            [DEBUG  ]  No samples found: star
[2021-02-23 12:13:54,842] multiqc                                            [DEBUG  ]  No samples found: hisat2
[2021-02-23 12:13:54,851] multiqc                                            [DEBUG  ]  No samples found: tophat
[2021-02-23 12:13:54,859] multiqc                                            [DEBUG  ]  No samples found: bowtie2
[2021-02-23 12:13:54,866] multiqc                                            [DEBUG  ]  No samples found: bowtie1
[2021-02-23 12:13:54,875] multiqc                                            [DEBUG  ]  No samples found: snpsplit
[2021-02-23 12:13:54,886] multiqc                                            [DEBUG  ]  No samples found: kat
[2021-02-23 12:13:54,897] multiqc                                            [DEBUG  ]  No samples found: leehom
[2021-02-23 12:13:54,906] multiqc                                            [DEBUG  ]  No samples found: adapterRemoval
[2021-02-23 12:13:54,914] multiqc                                            [DEBUG  ]  No samples found: clipandmerge
[2021-02-23 12:13:54,925] multiqc                                            [DEBUG  ]  No samples found: cutadapt
[2021-02-23 12:13:54,932] multiqc                                            [DEBUG  ]  No samples found: flexbar
[2021-02-23 12:13:54,940] multiqc                                            [DEBUG  ]  No samples found: kaiju
[2021-02-23 12:13:54,947] multiqc                                            [DEBUG  ]  No samples found: kraken
[2021-02-23 12:13:54,955] multiqc                                            [DEBUG  ]  No samples found: malt
[2021-02-23 12:13:54,965] multiqc                                            [DEBUG  ]  No samples found: trimmomatic
[2021-02-23 12:13:54,973] multiqc                                            [DEBUG  ]  No samples found: sickle
[2021-02-23 12:13:54,982] multiqc                                            [DEBUG  ]  No samples found: skewer
[2021-02-23 12:13:54,990] multiqc                                            [DEBUG  ]  No samples found: sortmerna
[2021-02-23 12:13:54,998] multiqc                                            [DEBUG  ]  No samples found: biobloomtools
[2021-02-23 12:13:55,006] multiqc                                            [DEBUG  ]  No samples found: fastq_screen
[2021-02-23 12:13:55,013] multiqc                                            [DEBUG  ]  No samples found: afterqc
[2021-02-23 12:13:55,020] multiqc                                            [DEBUG  ]  No samples found: fastp
[2021-02-23 12:13:55,077] multiqc.modules.fastqc.fastqc                      [INFO   ]  Found 5 reports
[2021-02-23 12:13:55,204] multiqc                                            [DEBUG  ]  No samples found: pycoqc
[2021-02-23 12:13:55,212] multiqc                                            [DEBUG  ]  No samples found: minionqc
[2021-02-23 12:13:55,220] multiqc                                            [DEBUG  ]  No samples found: multivcfanalyzer
[2021-02-23 12:13:55,229] multiqc                                            [DEBUG  ]  No samples found: clusterflow
[2021-02-23 12:13:55,238] multiqc                                            [DEBUG  ]  No samples found: bcl2fastq
[2021-02-23 12:13:55,246] multiqc                                            [DEBUG  ]  No samples found: interop
[2021-02-23 12:13:55,253] multiqc                                            [DEBUG  ]  No samples found: ivar
[2021-02-23 12:13:55,262] multiqc                                            [DEBUG  ]  No samples found: flash
[2021-02-23 12:13:55,271] multiqc                                            [DEBUG  ]  No samples found: seqyclean
[2021-02-23 12:13:55,285] multiqc                                            [INFO   ]  Compressing plot data
[2021-02-23 12:13:55,406] multiqc                                            [INFO   ]  Report      : multiqc_report.html
[2021-02-23 12:13:55,406] multiqc                                            [INFO   ]  Data        : multiqc_data
[2021-02-23 12:13:55,407] multiqc                                            [DEBUG  ]  Moving data file from '/var/folders/tq/8qgc1s0s3hd84kv8jxx41fzr0000gn/T/tmp9_cqgjvm/multiqc_data' to '/Users/dishajpatel/Documents/GitHub/joe-benthos/analysis/fastqc-out/multiqc_data'
[2021-02-23 12:13:55,723] multiqc                                            [INFO   ]  MultiQC complete
